Figwheel: focusing on build-ids (dev)
[0mCompiling "resources/public/js/compiled/banking-web.js" from ["src"]...
[31mCompiling "resources/public/js/compiled/banking-web.js" failed.[0m
clojure.lang.ExceptionInfo: failed compiling file:target\figwheel_temp\dev\figwheel\connect.cljs
 at clojure.core$ex_info.invokeStatic (core.clj:4617)
    clojure.core$ex_info.invoke (core.clj:4617)
    cljs.compiler$compile_file$fn__3204.invoke (compiler.cljc:1344)
    cljs.compiler$compile_file.invokeStatic (compiler.cljc:1306)
    cljs.compiler$compile_file.invoke (compiler.cljc:1286)
    cljs.compiler$compile_root.invokeStatic (compiler.cljc:1381)
    cljs.compiler$compile_root.invoke (compiler.cljc:1360)
    cljs.closure$compile_dir.invokeStatic (closure.clj:438)
    cljs.closure$compile_dir.invoke (closure.clj:432)
    cljs.closure$eval3650$fn__3651.invoke (closure.clj:478)
    cljs.closure$eval3602$fn__3603$G__3593__3610.invoke (closure.clj:383)
    cljs.closure$eval3663$fn__3664.invoke (closure.clj:492)
    cljs.closure$eval3602$fn__3603$G__3593__3610.invoke (closure.clj:383)
    clojurescript_build.core.CompilableSourcePaths/fn (core.clj:19)
    clojure.core$map$fn__4785.invoke (core.clj:2644)
    clojure.lang.LazySeq.sval (LazySeq.java:40)
    clojure.lang.LazySeq.seq (LazySeq.java:49)
    clojure.lang.RT.seq (RT.java:521)
    clojure.core$seq__4357.invokeStatic (core.clj:137)
    clojure.core$apply.invokeStatic (core.clj:641)
    clojure.core$mapcat.invokeStatic (core.clj:2674)
    clojure.core$mapcat.doInvoke (core.clj:2674)
    clojure.lang.RestFn.invoke (RestFn.java:423)
    clojurescript_build.core.CompilableSourcePaths._compile (core.clj:19)
    cljs.closure$build.invokeStatic (closure.clj:1674)
    cljs.closure$build.invoke (closure.clj:1624)
    clojurescript_build.core$build_source_paths_STAR_.invokeStatic (core.clj:153)
    clojurescript_build.core$build_source_paths_STAR_.invoke (core.clj:141)
    figwheel_sidecar.auto_builder$default_build_options$fn__18078.invoke (auto_builder.clj:77)
    figwheel_sidecar.auto_builder$insert_figwheel_connect_script$fn__18109.invoke (auto_builder.clj:164)
[0mCompiling "resources/public/js/compiled/banking-web.js" from ["src"]...
[31mCompiling "resources/public/js/compiled/banking-web.js" failed.[0m
clojure.lang.ExceptionInfo: Only :refer-clojure, :require, :require-macros, :use, :use-macros, and :import libspecs supported at line 1 src\banking_web\core.cljs
 at clojure.core$ex_info.invokeStatic (core.clj:4617)
    clojure.core$ex_info.invoke (core.clj:4617)
    cljs.analyzer$error.invokeStatic (analyzer.cljc:541)
    cljs.analyzer$error.invoke (analyzer.cljc:537)
    cljs.analyzer$error.invokeStatic (analyzer.cljc:539)
    cljs.analyzer$error.invoke (analyzer.cljc:537)
    cljs.analyzer$eval1906$fn__1908$fn__1913.invoke (analyzer.cljc:1899)
    clojure.core.protocols$fn__6755.invokeStatic (protocols.clj:167)
    clojure.core.protocols/fn (protocols.clj:124)
    clojure.core.protocols$fn__6710$G__6705__6719.invoke (protocols.clj:19)
    clojure.core.protocols$seq_reduce.invokeStatic (protocols.clj:31)
    clojure.core.protocols$fn__6738.invokeStatic (protocols.clj:75)
    clojure.core.protocols/fn (protocols.clj:75)
    clojure.core.protocols$fn__6684$G__6679__6697.invoke (protocols.clj:13)
    clojure.core$reduce.invokeStatic (core.clj:6545)
    clojure.core$reduce.invoke (core.clj:6527)
    cljs.analyzer$eval1906$fn__1908.invoke (analyzer.cljc:1896)
    clojure.lang.MultiFn.invoke (MultiFn.java:251)
    cljs.analyzer$analyze_seq_STAR_.invokeStatic (analyzer.cljc:2377)
    cljs.analyzer$analyze_seq_STAR_.invoke (analyzer.cljc:2375)
    cljs.analyzer$analyze_seq_STAR__wrap.invokeStatic (analyzer.cljc:2382)
    cljs.analyzer$analyze_seq_STAR__wrap.invoke (analyzer.cljc:2380)
    cljs.analyzer$analyze_seq.invokeStatic (analyzer.cljc:2403)
    cljs.analyzer$analyze_seq.invoke (analyzer.cljc:2384)
    cljs.analyzer$analyze_form.invokeStatic (analyzer.cljc:2512)
    cljs.analyzer$analyze_form.invoke (analyzer.cljc:2508)
    cljs.analyzer$analyze_STAR_.invokeStatic (analyzer.cljc:2559)
    cljs.analyzer$analyze_STAR_.invoke (analyzer.cljc:2550)
    cljs.analyzer$analyze.invokeStatic (analyzer.cljc:2575)
    cljs.analyzer$analyze.invoke (analyzer.cljc:2562)
[0mCompiling "resources/public/js/compiled/banking-web.js" from ["src"]...
[31mCompiling "resources/public/js/compiled/banking-web.js" failed.[0m
clojure.lang.ExceptionInfo: Only :refer-clojure, :require, :require-macros, :use, :use-macros, and :import libspecs supported at line 1 src\banking_web\core.cljs
 at clojure.core$ex_info.invokeStatic (core.clj:4617)
    clojure.core$ex_info.invoke (core.clj:4617)
    cljs.analyzer$error.invokeStatic (analyzer.cljc:541)
    cljs.analyzer$error.invoke (analyzer.cljc:537)
    cljs.analyzer$error.invokeStatic (analyzer.cljc:539)
    cljs.analyzer$error.invoke (analyzer.cljc:537)
    cljs.analyzer$eval1906$fn__1908$fn__1913.invoke (analyzer.cljc:1899)
    clojure.core.protocols$fn__6755.invokeStatic (protocols.clj:167)
    clojure.core.protocols/fn (protocols.clj:124)
    clojure.core.protocols$fn__6710$G__6705__6719.invoke (protocols.clj:19)
    clojure.core.protocols$seq_reduce.invokeStatic (protocols.clj:31)
    clojure.core.protocols$fn__6738.invokeStatic (protocols.clj:75)
    clojure.core.protocols/fn (protocols.clj:75)
    clojure.core.protocols$fn__6684$G__6679__6697.invoke (protocols.clj:13)
    clojure.core$reduce.invokeStatic (core.clj:6545)
    clojure.core$reduce.invoke (core.clj:6527)
    cljs.analyzer$eval1906$fn__1908.invoke (analyzer.cljc:1896)
    clojure.lang.MultiFn.invoke (MultiFn.java:251)
    cljs.analyzer$analyze_seq_STAR_.invokeStatic (analyzer.cljc:2377)
    cljs.analyzer$analyze_seq_STAR_.invoke (analyzer.cljc:2375)
    cljs.analyzer$analyze_seq_STAR__wrap.invokeStatic (analyzer.cljc:2382)
    cljs.analyzer$analyze_seq_STAR__wrap.invoke (analyzer.cljc:2380)
    cljs.analyzer$analyze_seq.invokeStatic (analyzer.cljc:2403)
    cljs.analyzer$analyze_seq.invoke (analyzer.cljc:2384)
    cljs.analyzer$analyze_form.invokeStatic (analyzer.cljc:2512)
    cljs.analyzer$analyze_form.invoke (analyzer.cljc:2508)
    cljs.analyzer$analyze_STAR_.invokeStatic (analyzer.cljc:2559)
    cljs.analyzer$analyze_STAR_.invoke (analyzer.cljc:2550)
    cljs.analyzer$analyze.invokeStatic (analyzer.cljc:2575)
    cljs.analyzer$analyze.invoke (analyzer.cljc:2562)
[0mCompiling "resources/public/js/compiled/banking-web.js" from ["src"]...
[31mCompiling "resources/public/js/compiled/banking-web.js" failed.[0m
clojure.lang.ExceptionInfo: Only :refer-clojure, :require, :require-macros, :use, :use-macros, and :import libspecs supported at line 1 src\banking_web\core.cljs
 at clojure.core$ex_info.invokeStatic (core.clj:4617)
    clojure.core$ex_info.invoke (core.clj:4617)
    cljs.analyzer$error.invokeStatic (analyzer.cljc:541)
    cljs.analyzer$error.invoke (analyzer.cljc:537)
    cljs.analyzer$error.invokeStatic (analyzer.cljc:539)
    cljs.analyzer$error.invoke (analyzer.cljc:537)
    cljs.analyzer$eval1906$fn__1908$fn__1913.invoke (analyzer.cljc:1899)
    clojure.core.protocols$fn__6755.invokeStatic (protocols.clj:167)
    clojure.core.protocols/fn (protocols.clj:124)
    clojure.core.protocols$fn__6710$G__6705__6719.invoke (protocols.clj:19)
    clojure.core.protocols$seq_reduce.invokeStatic (protocols.clj:31)
    clojure.core.protocols$fn__6738.invokeStatic (protocols.clj:75)
    clojure.core.protocols/fn (protocols.clj:75)
    clojure.core.protocols$fn__6684$G__6679__6697.invoke (protocols.clj:13)
    clojure.core$reduce.invokeStatic (core.clj:6545)
    clojure.core$reduce.invoke (core.clj:6527)
    cljs.analyzer$eval1906$fn__1908.invoke (analyzer.cljc:1896)
    clojure.lang.MultiFn.invoke (MultiFn.java:251)
    cljs.analyzer$analyze_seq_STAR_.invokeStatic (analyzer.cljc:2377)
    cljs.analyzer$analyze_seq_STAR_.invoke (analyzer.cljc:2375)
    cljs.analyzer$analyze_seq_STAR__wrap.invokeStatic (analyzer.cljc:2382)
    cljs.analyzer$analyze_seq_STAR__wrap.invoke (analyzer.cljc:2380)
    cljs.analyzer$analyze_seq.invokeStatic (analyzer.cljc:2403)
    cljs.analyzer$analyze_seq.invoke (analyzer.cljc:2384)
    cljs.analyzer$analyze_form.invokeStatic (analyzer.cljc:2512)
    cljs.analyzer$analyze_form.invoke (analyzer.cljc:2508)
    cljs.analyzer$analyze_STAR_.invokeStatic (analyzer.cljc:2559)
    cljs.analyzer$analyze_STAR_.invoke (analyzer.cljc:2550)
    cljs.analyzer$analyze.invokeStatic (analyzer.cljc:2575)
    cljs.analyzer$analyze.invoke (analyzer.cljc:2562)
Figwheel: focusing on build-ids (dev)
[0mCompiling "resources/public/js/compiled/banking-web.js" from ["src"]...
[32mSuccessfully compiled "resources/public/js/compiled/banking-web.js" in 2.132 seconds.[0m
notifying browser that file changed:  resources/public/js/compiled/out/goog/deps.js
notifying browser that file changed:  resources/public/js/compiled/out/cljs_deps.js
notifying browser that file changed:  \banking_web\login\login.js
notifying browser that file changed:  \banking_web\utils.js
notifying browser that file changed:  \banking_web\core.js
notifying browser that file changed:  \banking_web\pages.js
Figwheel: focusing on build-ids (dev)
[0mCompiling "resources/public/js/compiled/banking-web.js" from ["src"]...
[32mSuccessfully compiled "resources/public/js/compiled/banking-web.js" in 3.053 seconds.[0m
notifying browser that file changed:  resources/public/js/compiled/out/goog/deps.js
notifying browser that file changed:  resources/public/js/compiled/out/cljs_deps.js
notifying browser that file changed:  \banking_web\login\login.js
notifying browser that file changed:  \banking_web\utils.js
notifying browser that file changed:  \banking_web\core.js
notifying browser that file changed:  \banking_web\pages.js
Figwheel: focusing on build-ids (dev)
[0mCompiling "resources/public/js/compiled/banking-web.js" from ["src"]...
[32mSuccessfully compiled "resources/public/js/compiled/banking-web.js" in 3.174 seconds.[0m
notifying browser that file changed:  resources/public/js/compiled/out/goog/deps.js
notifying browser that file changed:  resources/public/js/compiled/out/cljs_deps.js
notifying browser that file changed:  \banking_web\login\login.js
notifying browser that file changed:  \banking_web\utils.js
notifying browser that file changed:  \banking_web\core.js
notifying browser that file changed:  \banking_web\pages.js
Figwheel: focusing on build-ids (dev)
[0mCompiling "resources/public/js/compiled/banking-web.js" from ["src"]...
[32mSuccessfully compiled "resources/public/js/compiled/banking-web.js" in 2.84 seconds.[0m
notifying browser that file changed:  resources/public/js/compiled/out/goog/deps.js
notifying browser that file changed:  resources/public/js/compiled/out/cljs_deps.js
notifying browser that file changed:  \banking_web\login\login.js
notifying browser that file changed:  \banking_web\utils.js
notifying browser that file changed:  \banking_web\core.js
notifying browser that file changed:  \banking_web\pages.js
Figwheel: focusing on build-ids (dev)
[0mCompiling "resources/public/js/compiled/banking-web.js" from ["src"]...
[32mSuccessfully compiled "resources/public/js/compiled/banking-web.js" in 2.794 seconds.[0m
notifying browser that file changed:  resources/public/js/compiled/out/goog/deps.js
notifying browser that file changed:  resources/public/js/compiled/out/cljs_deps.js
notifying browser that file changed:  \banking_web\login\login.js
notifying browser that file changed:  \banking_web\utils.js
notifying browser that file changed:  \banking_web\core.js
notifying browser that file changed:  \banking_web\pages.js
Figwheel: focusing on build-ids (dev)
[0mCompiling "resources/public/js/compiled/banking-web.js" from ["src"]...
[32mSuccessfully compiled "resources/public/js/compiled/banking-web.js" in 2.968 seconds.[0m
notifying browser that file changed:  resources/public/js/compiled/out/goog/deps.js
notifying browser that file changed:  resources/public/js/compiled/out/cljs_deps.js
notifying browser that file changed:  \banking_web\login\login.js
notifying browser that file changed:  \banking_web\utils.js
notifying browser that file changed:  \banking_web\core.js
notifying browser that file changed:  \banking_web\pages.js
Figwheel: focusing on build-ids (dev)
[0mCompiling "resources/public/js/compiled/banking-web.js" from ["src"]...
[32mSuccessfully compiled "resources/public/js/compiled/banking-web.js" in 2.799 seconds.[0m
notifying browser that file changed:  resources/public/js/compiled/out/goog/deps.js
notifying browser that file changed:  resources/public/js/compiled/out/cljs_deps.js
notifying browser that file changed:  \banking_web\login\login.js
notifying browser that file changed:  \banking_web\utils.js
notifying browser that file changed:  \banking_web\core.js
notifying browser that file changed:  \banking_web\pages.js
Figwheel: focusing on build-ids (dev)
[0mCompiling "resources/public/js/compiled/banking-web.js" from ["src"]...
[32mSuccessfully compiled "resources/public/js/compiled/banking-web.js" in 2.846 seconds.[0m
notifying browser that file changed:  resources/public/js/compiled/out/goog/deps.js
notifying browser that file changed:  resources/public/js/compiled/out/cljs_deps.js
notifying browser that file changed:  \banking_web\login\login.js
notifying browser that file changed:  \banking_web\utils.js
notifying browser that file changed:  \banking_web\core.js
notifying browser that file changed:  \banking_web\pages.js
